{"/Users/robbiekirkbride/Desktop/Projects/Ecoliday/api/app.js": {"path":"/Users/robbiekirkbride/Desktop/Projects/Ecoliday/api/app.js","statementMap":{"0":{"start":{"line":1,"column":16},"end":{"line":1,"column":34}},"1":{"start":{"line":2,"column":12},"end":{"line":2,"column":21}},"2":{"start":{"line":3,"column":13},"end":{"line":3,"column":28}},"3":{"start":{"line":4,"column":12},"end":{"line":4,"column":35}},"4":{"start":{"line":5,"column":0},"end":{"line":5,"column":51}},"5":{"start":{"line":7,"column":0},"end":{"line":7,"column":16}},"6":{"start":{"line":8,"column":0},"end":{"line":8,"column":24}},"7":{"start":{"line":10,"column":24},"end":{"line":10,"column":53}},"8":{"start":{"line":11,"column":20},"end":{"line":11,"column":45}},"9":{"start":{"line":12,"column":21},"end":{"line":12,"column":47}},"10":{"start":{"line":13,"column":20},"end":{"line":13,"column":45}},"11":{"start":{"line":16,"column":21},"end":{"line":33,"column":1}},"12":{"start":{"line":18,"column":21},"end":{"line":18,"column":45}},"13":{"start":{"line":20,"column":2},"end":{"line":22,"column":3}},"14":{"start":{"line":21,"column":4},"end":{"line":21,"column":32}},"15":{"start":{"line":24,"column":2},"end":{"line":32,"column":5}},"16":{"start":{"line":25,"column":4},"end":{"line":31,"column":5}},"17":{"start":{"line":26,"column":6},"end":{"line":26,"column":25}},"18":{"start":{"line":27,"column":6},"end":{"line":27,"column":54}},"19":{"start":{"line":29,"column":6},"end":{"line":29,"column":41}},"20":{"start":{"line":30,"column":6},"end":{"line":30,"column":13}},"21":{"start":{"line":36,"column":0},"end":{"line":36,"column":39}},"22":{"start":{"line":37,"column":0},"end":{"line":37,"column":31}},"23":{"start":{"line":38,"column":0},"end":{"line":38,"column":33}},"24":{"start":{"line":39,"column":0},"end":{"line":39,"column":45}},"25":{"start":{"line":41,"column":0},"end":{"line":41,"column":21}}},"fnMap":{"0":{"name":"(anonymous_0)","decl":{"start":{"line":16,"column":21},"end":{"line":16,"column":22}},"loc":{"start":{"line":16,"column":41},"end":{"line":33,"column":1}},"line":16},"1":{"name":"(anonymous_1)","decl":{"start":{"line":24,"column":44},"end":{"line":24,"column":45}},"loc":{"start":{"line":24,"column":64},"end":{"line":32,"column":3}},"line":24}},"branchMap":{"0":{"loc":{"start":{"line":20,"column":2},"end":{"line":22,"column":3}},"type":"if","locations":[{"start":{"line":20,"column":2},"end":{"line":22,"column":3}},{"start":{},"end":{}}],"line":20},"1":{"loc":{"start":{"line":25,"column":4},"end":{"line":31,"column":5}},"type":"if","locations":[{"start":{"line":25,"column":4},"end":{"line":31,"column":5}},{"start":{"line":28,"column":11},"end":{"line":31,"column":5}}],"line":25}},"s":{"0":4,"1":4,"2":4,"3":4,"4":4,"5":4,"6":4,"7":4,"8":4,"9":4,"10":4,"11":4,"12":8,"13":8,"14":8,"15":8,"16":8,"17":0,"18":0,"19":8,"20":8,"21":4,"22":4,"23":4,"24":4,"25":4},"f":{"0":8,"1":8},"b":{"0":[8,0],"1":[0,8]},"_coverageSchema":"1a1c01bbd47fc00a2c39e90264f33305004495a9","hash":"8962027d35da6d7d01c51f41f0c9b416ae8f2b0f"}
,"/Users/robbiekirkbride/Desktop/Projects/Ecoliday/api/controllers/distance.js": {"path":"/Users/robbiekirkbride/Desktop/Projects/Ecoliday/api/controllers/distance.js","statementMap":{"0":{"start":{"line":1,"column":21},"end":{"line":1,"column":66}},"1":{"start":{"line":3,"column":2},"end":{"line":3,"column":61}},"2":{"start":{"line":5,"column":27},"end":{"line":25,"column":1}},"3":{"start":{"line":7,"column":4},"end":{"line":10,"column":5}},"4":{"start":{"line":8,"column":6},"end":{"line":8,"column":29}},"5":{"start":{"line":9,"column":6},"end":{"line":9,"column":13}},"6":{"start":{"line":12,"column":50},"end":{"line":16,"column":6}},"7":{"start":{"line":18,"column":18},"end":{"line":18,"column":42}},"8":{"start":{"line":19,"column":4},"end":{"line":19,"column":63}},"9":{"start":{"line":19,"column":15},"end":{"line":19,"column":63}},"10":{"start":{"line":21,"column":4},"end":{"line":21,"column":56}},"11":{"start":{"line":23,"column":4},"end":{"line":23,"column":11}},"12":{"start":{"line":27,"column":28},"end":{"line":38,"column":1}},"13":{"start":{"line":28,"column":2},"end":{"line":37,"column":4}},"14":{"start":{"line":30,"column":6},"end":{"line":35,"column":44}},"15":{"start":{"line":34,"column":28},"end":{"line":34,"column":43}},"16":{"start":{"line":35,"column":24},"end":{"line":35,"column":42}},"17":{"start":{"line":40,"column":35},"end":{"line":57,"column":1}},"18":{"start":{"line":41,"column":23},"end":{"line":41,"column":44}},"19":{"start":{"line":42,"column":2},"end":{"line":42,"column":49}},"20":{"start":{"line":43,"column":2},"end":{"line":43,"column":52}},"21":{"start":{"line":44,"column":2},"end":{"line":44,"column":41}},"22":{"start":{"line":45,"column":2},"end":{"line":45,"column":58}},"23":{"start":{"line":47,"column":2},"end":{"line":56,"column":40}},"24":{"start":{"line":48,"column":24},"end":{"line":48,"column":39}},"25":{"start":{"line":50,"column":6},"end":{"line":54,"column":8}},"26":{"start":{"line":56,"column":20},"end":{"line":56,"column":38}},"27":{"start":{"line":59,"column":32},"end":{"line":77,"column":1}},"28":{"start":{"line":60,"column":23},"end":{"line":60,"column":44}},"29":{"start":{"line":61,"column":2},"end":{"line":61,"column":49}},"30":{"start":{"line":62,"column":2},"end":{"line":62,"column":52}},"31":{"start":{"line":63,"column":2},"end":{"line":63,"column":41}},"32":{"start":{"line":64,"column":2},"end":{"line":64,"column":46}},"33":{"start":{"line":65,"column":2},"end":{"line":65,"column":58}},"34":{"start":{"line":67,"column":2},"end":{"line":76,"column":40}},"35":{"start":{"line":68,"column":24},"end":{"line":68,"column":39}},"36":{"start":{"line":70,"column":6},"end":{"line":74,"column":8}},"37":{"start":{"line":76,"column":20},"end":{"line":76,"column":38}},"38":{"start":{"line":79,"column":18},"end":{"line":104,"column":1}},"39":{"start":{"line":80,"column":2},"end":{"line":80,"column":37}},"40":{"start":{"line":81,"column":2},"end":{"line":81,"column":33}},"41":{"start":{"line":83,"column":2},"end":{"line":83,"column":27}},"42":{"start":{"line":85,"column":2},"end":{"line":88,"column":13}},"43":{"start":{"line":90,"column":2},"end":{"line":93,"column":13}},"44":{"start":{"line":95,"column":2},"end":{"line":96,"column":79}},"45":{"start":{"line":98,"column":2},"end":{"line":103,"column":4}},"46":{"start":{"line":106,"column":19},"end":{"line":115,"column":1}},"47":{"start":{"line":107,"column":21},"end":{"line":107,"column":23}},"48":{"start":{"line":108,"column":2},"end":{"line":113,"column":5}},"49":{"start":{"line":109,"column":4},"end":{"line":112,"column":5}},"50":{"start":{"line":110,"column":6},"end":{"line":110,"column":51}},"51":{"start":{"line":111,"column":6},"end":{"line":111,"column":13}},"52":{"start":{"line":114,"column":2},"end":{"line":114,"column":22}},"53":{"start":{"line":118,"column":12},"end":{"line":118,"column":16}},"54":{"start":{"line":119,"column":15},"end":{"line":119,"column":35}},"55":{"start":{"line":120,"column":15},"end":{"line":120,"column":35}},"56":{"start":{"line":122,"column":4},"end":{"line":126,"column":24}},"57":{"start":{"line":127,"column":12},"end":{"line":127,"column":58}},"58":{"start":{"line":128,"column":12},"end":{"line":128,"column":17}},"59":{"start":{"line":129,"column":2},"end":{"line":129,"column":11}},"60":{"start":{"line":133,"column":2},"end":{"line":133,"column":31}},"61":{"start":{"line":136,"column":0},"end":{"line":136,"column":36}}},"fnMap":{"0":{"name":"(anonymous_0)","decl":{"start":{"line":6,"column":13},"end":{"line":6,"column":14}},"loc":{"start":{"line":6,"column":39},"end":{"line":24,"column":3}},"line":6},"1":{"name":"(anonymous_1)","decl":{"start":{"line":27,"column":28},"end":{"line":27,"column":29}},"loc":{"start":{"line":27,"column":37},"end":{"line":38,"column":1}},"line":27},"2":{"name":"(anonymous_2)","decl":{"start":{"line":29,"column":39},"end":{"line":29,"column":40}},"loc":{"start":{"line":29,"column":53},"end":{"line":36,"column":5}},"line":29},"3":{"name":"(anonymous_3)","decl":{"start":{"line":34,"column":14},"end":{"line":34,"column":15}},"loc":{"start":{"line":34,"column":28},"end":{"line":34,"column":43}},"line":34},"4":{"name":"(anonymous_4)","decl":{"start":{"line":35,"column":15},"end":{"line":35,"column":16}},"loc":{"start":{"line":35,"column":24},"end":{"line":35,"column":42}},"line":35},"5":{"name":"(anonymous_5)","decl":{"start":{"line":40,"column":35},"end":{"line":40,"column":36}},"loc":{"start":{"line":40,"column":44},"end":{"line":57,"column":1}},"line":40},"6":{"name":"(anonymous_6)","decl":{"start":{"line":48,"column":10},"end":{"line":48,"column":11}},"loc":{"start":{"line":48,"column":24},"end":{"line":48,"column":39}},"line":48},"7":{"name":"(anonymous_7)","decl":{"start":{"line":49,"column":10},"end":{"line":49,"column":11}},"loc":{"start":{"line":49,"column":20},"end":{"line":55,"column":5}},"line":49},"8":{"name":"(anonymous_8)","decl":{"start":{"line":56,"column":11},"end":{"line":56,"column":12}},"loc":{"start":{"line":56,"column":20},"end":{"line":56,"column":38}},"line":56},"9":{"name":"(anonymous_9)","decl":{"start":{"line":59,"column":32},"end":{"line":59,"column":33}},"loc":{"start":{"line":59,"column":41},"end":{"line":77,"column":1}},"line":59},"10":{"name":"(anonymous_10)","decl":{"start":{"line":68,"column":10},"end":{"line":68,"column":11}},"loc":{"start":{"line":68,"column":24},"end":{"line":68,"column":39}},"line":68},"11":{"name":"(anonymous_11)","decl":{"start":{"line":69,"column":10},"end":{"line":69,"column":11}},"loc":{"start":{"line":69,"column":20},"end":{"line":75,"column":5}},"line":69},"12":{"name":"(anonymous_12)","decl":{"start":{"line":76,"column":11},"end":{"line":76,"column":12}},"loc":{"start":{"line":76,"column":20},"end":{"line":76,"column":38}},"line":76},"13":{"name":"(anonymous_13)","decl":{"start":{"line":79,"column":18},"end":{"line":79,"column":19}},"loc":{"start":{"line":79,"column":64},"end":{"line":104,"column":1}},"line":79},"14":{"name":"(anonymous_14)","decl":{"start":{"line":106,"column":19},"end":{"line":106,"column":20}},"loc":{"start":{"line":106,"column":37},"end":{"line":115,"column":1}},"line":106},"15":{"name":"(anonymous_15)","decl":{"start":{"line":108,"column":23},"end":{"line":108,"column":24}},"loc":{"start":{"line":108,"column":33},"end":{"line":113,"column":3}},"line":108},"16":{"name":"getDistance","decl":{"start":{"line":117,"column":9},"end":{"line":117,"column":20}},"loc":{"start":{"line":117,"column":45},"end":{"line":130,"column":1}},"line":117},"17":{"name":"deg2rad","decl":{"start":{"line":132,"column":9},"end":{"line":132,"column":16}},"loc":{"start":{"line":132,"column":22},"end":{"line":134,"column":1}},"line":132}},"branchMap":{"0":{"loc":{"start":{"line":7,"column":4},"end":{"line":10,"column":5}},"type":"if","locations":[{"start":{"line":7,"column":4},"end":{"line":10,"column":5}},{"start":{},"end":{}}],"line":7},"1":{"loc":{"start":{"line":7,"column":8},"end":{"line":7,"column":40}},"type":"binary-expr","locations":[{"start":{"line":7,"column":8},"end":{"line":7,"column":23}},{"start":{"line":7,"column":27},"end":{"line":7,"column":40}}],"line":7},"2":{"loc":{"start":{"line":19,"column":4},"end":{"line":19,"column":63}},"type":"if","locations":[{"start":{"line":19,"column":4},"end":{"line":19,"column":63}},{"start":{},"end":{}}],"line":19},"3":{"loc":{"start":{"line":86,"column":4},"end":{"line":88,"column":12}},"type":"cond-expr","locations":[{"start":{"line":87,"column":8},"end":{"line":87,"column":46}},{"start":{"line":88,"column":8},"end":{"line":88,"column":12}}],"line":86},"4":{"loc":{"start":{"line":91,"column":4},"end":{"line":93,"column":12}},"type":"cond-expr","locations":[{"start":{"line":92,"column":8},"end":{"line":92,"column":46}},{"start":{"line":93,"column":8},"end":{"line":93,"column":12}}],"line":91},"5":{"loc":{"start":{"line":96,"column":4},"end":{"line":96,"column":78}},"type":"cond-expr","locations":[{"start":{"line":96,"column":36},"end":{"line":96,"column":71}},{"start":{"line":96,"column":74},"end":{"line":96,"column":78}}],"line":96},"6":{"loc":{"start":{"line":109,"column":4},"end":{"line":112,"column":5}},"type":"if","locations":[{"start":{"line":109,"column":4},"end":{"line":112,"column":5}},{"start":{},"end":{}}],"line":109}},"s":{"0":5,"1":5,"2":5,"3":34,"4":10,"5":10,"6":24,"7":24,"8":24,"9":1,"10":23,"11":23,"12":5,"13":24,"14":48,"15":48,"16":0,"17":5,"18":24,"19":24,"20":24,"21":24,"22":24,"23":24,"24":24,"25":24,"26":0,"27":5,"28":24,"29":24,"30":24,"31":24,"32":24,"33":24,"34":24,"35":24,"36":24,"37":0,"38":5,"39":23,"40":23,"41":23,"42":23,"43":23,"44":23,"45":23,"46":5,"47":24,"48":24,"49":48,"50":2,"51":2,"52":24,"53":23,"54":23,"55":23,"56":23,"57":23,"58":23,"59":23,"60":92,"61":5},"f":{"0":34,"1":24,"2":48,"3":48,"4":0,"5":24,"6":24,"7":24,"8":0,"9":24,"10":24,"11":24,"12":0,"13":23,"14":24,"15":48,"16":23,"17":92},"b":{"0":[10,24],"1":[34,27],"2":[1,23],"3":[21,2],"4":[21,2],"5":[21,2],"6":[2,46]},"_coverageSchema":"1a1c01bbd47fc00a2c39e90264f33305004495a9","hash":"ba925561b54b77440a1c8d1fd96a9155bf476da6"}
,"/Users/robbiekirkbride/Desktop/Projects/Ecoliday/api/controllers/emissions.js": {"path":"/Users/robbiekirkbride/Desktop/Projects/Ecoliday/api/controllers/emissions.js","statementMap":{"0":{"start":{"line":1,"column":28},"end":{"line":31,"column":1}},"1":{"start":{"line":3,"column":4},"end":{"line":5,"column":5}},"2":{"start":{"line":4,"column":6},"end":{"line":4,"column":13}},"3":{"start":{"line":7,"column":22},"end":{"line":7,"column":24}},"4":{"start":{"line":8,"column":4},"end":{"line":18,"column":7}},"5":{"start":{"line":20,"column":4},"end":{"line":29,"column":7}},"6":{"start":{"line":33,"column":24},"end":{"line":44,"column":1}},"7":{"start":{"line":34,"column":2},"end":{"line":34,"column":14}},"8":{"start":{"line":35,"column":2},"end":{"line":42,"column":5}},"9":{"start":{"line":36,"column":4},"end":{"line":41,"column":6}},"10":{"start":{"line":43,"column":2},"end":{"line":43,"column":16}},"11":{"start":{"line":46,"column":19},"end":{"line":61,"column":1}},"12":{"start":{"line":47,"column":2},"end":{"line":59,"column":3}},"13":{"start":{"line":48,"column":4},"end":{"line":48,"column":27}},"14":{"start":{"line":49,"column":4},"end":{"line":49,"column":17}},"15":{"start":{"line":50,"column":9},"end":{"line":59,"column":3}},"16":{"start":{"line":51,"column":4},"end":{"line":51,"column":27}},"17":{"start":{"line":52,"column":4},"end":{"line":52,"column":17}},"18":{"start":{"line":53,"column":9},"end":{"line":59,"column":3}},"19":{"start":{"line":54,"column":4},"end":{"line":54,"column":27}},"20":{"start":{"line":55,"column":4},"end":{"line":55,"column":17}},"21":{"start":{"line":56,"column":9},"end":{"line":59,"column":3}},"22":{"start":{"line":57,"column":4},"end":{"line":57,"column":27}},"23":{"start":{"line":58,"column":4},"end":{"line":58,"column":17}},"24":{"start":{"line":60,"column":2},"end":{"line":60,"column":14}},"25":{"start":{"line":63,"column":32},"end":{"line":72,"column":1}},"26":{"start":{"line":64,"column":2},"end":{"line":66,"column":3}},"27":{"start":{"line":65,"column":4},"end":{"line":65,"column":16}},"28":{"start":{"line":67,"column":2},"end":{"line":71,"column":4}},"29":{"start":{"line":74,"column":30},"end":{"line":83,"column":1}},"30":{"start":{"line":75,"column":2},"end":{"line":77,"column":3}},"31":{"start":{"line":76,"column":4},"end":{"line":76,"column":16}},"32":{"start":{"line":78,"column":2},"end":{"line":82,"column":4}},"33":{"start":{"line":85,"column":26},"end":{"line":97,"column":1}},"34":{"start":{"line":86,"column":2},"end":{"line":88,"column":3}},"35":{"start":{"line":87,"column":4},"end":{"line":87,"column":16}},"36":{"start":{"line":89,"column":2},"end":{"line":96,"column":4}},"37":{"start":{"line":99,"column":26},"end":{"line":111,"column":1}},"38":{"start":{"line":100,"column":2},"end":{"line":102,"column":3}},"39":{"start":{"line":101,"column":4},"end":{"line":101,"column":16}},"40":{"start":{"line":103,"column":2},"end":{"line":110,"column":4}},"41":{"start":{"line":113,"column":23},"end":{"line":145,"column":1}},"42":{"start":{"line":114,"column":14},"end":{"line":114,"column":54}},"43":{"start":{"line":116,"column":2},"end":{"line":144,"column":7}},"44":{"start":{"line":137,"column":6},"end":{"line":137,"column":29}},"45":{"start":{"line":140,"column":6},"end":{"line":140,"column":31}},"46":{"start":{"line":143,"column":6},"end":{"line":143,"column":27}},"47":{"start":{"line":147,"column":0},"end":{"line":147,"column":37}}},"fnMap":{"0":{"name":"(anonymous_0)","decl":{"start":{"line":2,"column":16},"end":{"line":2,"column":17}},"loc":{"start":{"line":2,"column":36},"end":{"line":30,"column":3}},"line":2},"1":{"name":"(anonymous_1)","decl":{"start":{"line":33,"column":24},"end":{"line":33,"column":25}},"loc":{"start":{"line":33,"column":61},"end":{"line":44,"column":1}},"line":33},"2":{"name":"(anonymous_2)","decl":{"start":{"line":35,"column":33},"end":{"line":35,"column":34}},"loc":{"start":{"line":35,"column":42},"end":{"line":42,"column":3}},"line":35},"3":{"name":"(anonymous_3)","decl":{"start":{"line":46,"column":19},"end":{"line":46,"column":20}},"loc":{"start":{"line":46,"column":33},"end":{"line":61,"column":1}},"line":46},"4":{"name":"(anonymous_4)","decl":{"start":{"line":63,"column":32},"end":{"line":63,"column":33}},"loc":{"start":{"line":63,"column":46},"end":{"line":72,"column":1}},"line":63},"5":{"name":"(anonymous_5)","decl":{"start":{"line":74,"column":30},"end":{"line":74,"column":31}},"loc":{"start":{"line":74,"column":44},"end":{"line":83,"column":1}},"line":74},"6":{"name":"(anonymous_6)","decl":{"start":{"line":85,"column":26},"end":{"line":85,"column":27}},"loc":{"start":{"line":85,"column":40},"end":{"line":97,"column":1}},"line":85},"7":{"name":"(anonymous_7)","decl":{"start":{"line":99,"column":26},"end":{"line":99,"column":27}},"loc":{"start":{"line":99,"column":40},"end":{"line":111,"column":1}},"line":99},"8":{"name":"(anonymous_8)","decl":{"start":{"line":113,"column":23},"end":{"line":113,"column":24}},"loc":{"start":{"line":113,"column":66},"end":{"line":145,"column":1}},"line":113},"9":{"name":"(anonymous_9)","decl":{"start":{"line":136,"column":10},"end":{"line":136,"column":11}},"loc":{"start":{"line":136,"column":24},"end":{"line":138,"column":5}},"line":136},"10":{"name":"(anonymous_10)","decl":{"start":{"line":139,"column":10},"end":{"line":139,"column":11}},"loc":{"start":{"line":139,"column":28},"end":{"line":141,"column":5}},"line":139},"11":{"name":"(anonymous_11)","decl":{"start":{"line":142,"column":11},"end":{"line":142,"column":12}},"loc":{"start":{"line":142,"column":22},"end":{"line":144,"column":5}},"line":142}},"branchMap":{"0":{"loc":{"start":{"line":3,"column":4},"end":{"line":5,"column":5}},"type":"if","locations":[{"start":{"line":3,"column":4},"end":{"line":5,"column":5}},{"start":{},"end":{}}],"line":3},"1":{"loc":{"start":{"line":40,"column":8},"end":{"line":40,"column":68}},"type":"cond-expr","locations":[{"start":{"line":40,"column":34},"end":{"line":40,"column":38}},{"start":{"line":40,"column":41},"end":{"line":40,"column":68}}],"line":40},"2":{"loc":{"start":{"line":47,"column":2},"end":{"line":59,"column":3}},"type":"if","locations":[{"start":{"line":47,"column":2},"end":{"line":59,"column":3}},{"start":{"line":50,"column":9},"end":{"line":59,"column":3}}],"line":47},"3":{"loc":{"start":{"line":50,"column":9},"end":{"line":59,"column":3}},"type":"if","locations":[{"start":{"line":50,"column":9},"end":{"line":59,"column":3}},{"start":{"line":53,"column":9},"end":{"line":59,"column":3}}],"line":50},"4":{"loc":{"start":{"line":53,"column":9},"end":{"line":59,"column":3}},"type":"if","locations":[{"start":{"line":53,"column":9},"end":{"line":59,"column":3}},{"start":{"line":56,"column":9},"end":{"line":59,"column":3}}],"line":53},"5":{"loc":{"start":{"line":56,"column":9},"end":{"line":59,"column":3}},"type":"if","locations":[{"start":{"line":56,"column":9},"end":{"line":59,"column":3}},{"start":{},"end":{}}],"line":56},"6":{"loc":{"start":{"line":64,"column":2},"end":{"line":66,"column":3}},"type":"if","locations":[{"start":{"line":64,"column":2},"end":{"line":66,"column":3}},{"start":{},"end":{}}],"line":64},"7":{"loc":{"start":{"line":75,"column":2},"end":{"line":77,"column":3}},"type":"if","locations":[{"start":{"line":75,"column":2},"end":{"line":77,"column":3}},{"start":{},"end":{}}],"line":75},"8":{"loc":{"start":{"line":86,"column":2},"end":{"line":88,"column":3}},"type":"if","locations":[{"start":{"line":86,"column":2},"end":{"line":88,"column":3}},{"start":{},"end":{}}],"line":86},"9":{"loc":{"start":{"line":100,"column":2},"end":{"line":102,"column":3}},"type":"if","locations":[{"start":{"line":100,"column":2},"end":{"line":102,"column":3}},{"start":{},"end":{}}],"line":100}},"s":{"0":4,"1":11,"2":0,"3":11,"4":11,"5":11,"6":4,"7":11,"8":11,"9":44,"10":11,"11":4,"12":11,"13":0,"14":0,"15":11,"16":0,"17":0,"18":11,"19":0,"20":0,"21":11,"22":0,"23":0,"24":11,"25":4,"26":11,"27":1,"28":10,"29":4,"30":11,"31":1,"32":10,"33":4,"34":11,"35":1,"36":10,"37":4,"38":11,"39":0,"40":11,"41":4,"42":41,"43":41,"44":41,"45":41,"46":0,"47":4},"f":{"0":11,"1":11,"2":44,"3":11,"4":11,"5":11,"6":11,"7":11,"8":41,"9":41,"10":41,"11":0},"b":{"0":[0,11],"1":[3,41],"2":[0,11],"3":[0,11],"4":[0,11],"5":[0,11],"6":[1,10],"7":[1,10],"8":[1,10],"9":[0,11]},"_coverageSchema":"1a1c01bbd47fc00a2c39e90264f33305004495a9","hash":"996c17bd037ffdae42b4be7faf3ffb4fb3431a14"}
,"/Users/robbiekirkbride/Desktop/Projects/Ecoliday/api/controllers/tokens.js": {"path":"/Users/robbiekirkbride/Desktop/Projects/Ecoliday/api/controllers/tokens.js","statementMap":{"0":{"start":{"line":1,"column":23},"end":{"line":1,"column":59}},"1":{"start":{"line":2,"column":13},"end":{"line":2,"column":38}},"2":{"start":{"line":3,"column":15},"end":{"line":3,"column":34}},"3":{"start":{"line":5,"column":25},"end":{"line":25,"column":1}},"4":{"start":{"line":7,"column":18},"end":{"line":7,"column":32}},"5":{"start":{"line":8,"column":21},"end":{"line":8,"column":38}},"6":{"start":{"line":10,"column":17},"end":{"line":10,"column":53}},"7":{"start":{"line":11,"column":4},"end":{"line":14,"column":5}},"8":{"start":{"line":12,"column":6},"end":{"line":12,"column":54}},"9":{"start":{"line":13,"column":6},"end":{"line":13,"column":13}},"10":{"start":{"line":15,"column":18},"end":{"line":17,"column":45}},"11":{"start":{"line":17,"column":24},"end":{"line":17,"column":44}},"12":{"start":{"line":18,"column":4},"end":{"line":23,"column":5}},"13":{"start":{"line":19,"column":6},"end":{"line":19,"column":54}},"14":{"start":{"line":21,"column":20},"end":{"line":21,"column":62}},"15":{"start":{"line":22,"column":6},"end":{"line":22,"column":60}},"16":{"start":{"line":27,"column":0},"end":{"line":27,"column":34}}},"fnMap":{"0":{"name":"(anonymous_0)","decl":{"start":{"line":6,"column":10},"end":{"line":6,"column":11}},"loc":{"start":{"line":6,"column":30},"end":{"line":24,"column":3}},"line":6},"1":{"name":"(anonymous_1)","decl":{"start":{"line":17,"column":13},"end":{"line":17,"column":14}},"loc":{"start":{"line":17,"column":24},"end":{"line":17,"column":44}},"line":17}},"branchMap":{"0":{"loc":{"start":{"line":11,"column":4},"end":{"line":14,"column":5}},"type":"if","locations":[{"start":{"line":11,"column":4},"end":{"line":14,"column":5}},{"start":{},"end":{}}],"line":11},"1":{"loc":{"start":{"line":18,"column":4},"end":{"line":23,"column":5}},"type":"if","locations":[{"start":{"line":18,"column":4},"end":{"line":23,"column":5}},{"start":{"line":20,"column":11},"end":{"line":23,"column":5}}],"line":18}},"s":{"0":4,"1":4,"2":4,"3":4,"4":2,"5":2,"6":2,"7":2,"8":0,"9":0,"10":2,"11":0,"12":2,"13":1,"14":1,"15":1,"16":4},"f":{"0":2,"1":0},"b":{"0":[0,2],"1":[1,1]},"_coverageSchema":"1a1c01bbd47fc00a2c39e90264f33305004495a9","hash":"1a10899814545cc9b591321a9274442b851b7ff6"}
,"/Users/robbiekirkbride/Desktop/Projects/Ecoliday/api/controllers/trips.js": {"path":"/Users/robbiekirkbride/Desktop/Projects/Ecoliday/api/controllers/trips.js","statementMap":{"0":{"start":{"line":1,"column":13},"end":{"line":1,"column":39}},"1":{"start":{"line":3,"column":24},"end":{"line":35,"column":1}},"2":{"start":{"line":5,"column":57},"end":{"line":5,"column":65}},"3":{"start":{"line":7,"column":17},"end":{"line":7,"column":71}},"4":{"start":{"line":9,"column":4},"end":{"line":14,"column":7}},"5":{"start":{"line":10,"column":6},"end":{"line":12,"column":7}},"6":{"start":{"line":11,"column":8},"end":{"line":11,"column":18}},"7":{"start":{"line":13,"column":6},"end":{"line":13,"column":46}},"8":{"start":{"line":18,"column":4},"end":{"line":24,"column":7}},"9":{"start":{"line":19,"column":6},"end":{"line":21,"column":7}},"10":{"start":{"line":20,"column":8},"end":{"line":20,"column":18}},"11":{"start":{"line":23,"column":6},"end":{"line":23,"column":38}},"12":{"start":{"line":28,"column":4},"end":{"line":33,"column":5}},"13":{"start":{"line":29,"column":6},"end":{"line":29,"column":63}},"14":{"start":{"line":30,"column":6},"end":{"line":30,"column":51}},"15":{"start":{"line":32,"column":6},"end":{"line":32,"column":53}},"16":{"start":{"line":37,"column":0},"end":{"line":37,"column":33}}},"fnMap":{"0":{"name":"(anonymous_0)","decl":{"start":{"line":4,"column":10},"end":{"line":4,"column":11}},"loc":{"start":{"line":4,"column":24},"end":{"line":15,"column":3}},"line":4},"1":{"name":"(anonymous_1)","decl":{"start":{"line":9,"column":14},"end":{"line":9,"column":15}},"loc":{"start":{"line":9,"column":29},"end":{"line":14,"column":5}},"line":9},"2":{"name":"(anonymous_2)","decl":{"start":{"line":17,"column":14},"end":{"line":17,"column":15}},"loc":{"start":{"line":17,"column":28},"end":{"line":25,"column":3}},"line":17},"3":{"name":"(anonymous_3)","decl":{"start":{"line":18,"column":45},"end":{"line":18,"column":46}},"loc":{"start":{"line":18,"column":67},"end":{"line":24,"column":5}},"line":18},"4":{"name":"(anonymous_4)","decl":{"start":{"line":27,"column":14},"end":{"line":27,"column":15}},"loc":{"start":{"line":27,"column":34},"end":{"line":34,"column":3}},"line":27}},"branchMap":{"0":{"loc":{"start":{"line":10,"column":6},"end":{"line":12,"column":7}},"type":"if","locations":[{"start":{"line":10,"column":6},"end":{"line":12,"column":7}},{"start":{},"end":{}}],"line":10},"1":{"loc":{"start":{"line":19,"column":6},"end":{"line":21,"column":7}},"type":"if","locations":[{"start":{"line":19,"column":6},"end":{"line":21,"column":7}},{"start":{},"end":{}}],"line":19}},"s":{"0":4,"1":4,"2":6,"3":6,"4":6,"5":6,"6":0,"7":6,"8":1,"9":1,"10":0,"11":1,"12":1,"13":1,"14":1,"15":0,"16":4},"f":{"0":6,"1":6,"2":1,"3":1,"4":1},"b":{"0":[0,6],"1":[0,1]},"_coverageSchema":"1a1c01bbd47fc00a2c39e90264f33305004495a9","hash":"99477e6df9db2e2b27caa80d170a052045c3a194"}
,"/Users/robbiekirkbride/Desktop/Projects/Ecoliday/api/controllers/users.js": {"path":"/Users/robbiekirkbride/Desktop/Projects/Ecoliday/api/controllers/users.js","statementMap":{"0":{"start":{"line":1,"column":13},"end":{"line":1,"column":38}},"1":{"start":{"line":2,"column":15},"end":{"line":2,"column":34}},"2":{"start":{"line":4,"column":24},"end":{"line":27,"column":1}},"3":{"start":{"line":7,"column":4},"end":{"line":13,"column":5}},"4":{"start":{"line":8,"column":6},"end":{"line":10,"column":62}},"5":{"start":{"line":10,"column":24},"end":{"line":10,"column":60}},"6":{"start":{"line":12,"column":6},"end":{"line":12,"column":62}},"7":{"start":{"line":15,"column":17},"end":{"line":18,"column":6}},"8":{"start":{"line":19,"column":4},"end":{"line":25,"column":7}},"9":{"start":{"line":20,"column":6},"end":{"line":24,"column":7}},"10":{"start":{"line":21,"column":8},"end":{"line":21,"column":57}},"11":{"start":{"line":23,"column":8},"end":{"line":23,"column":48}},"12":{"start":{"line":29,"column":0},"end":{"line":29,"column":33}}},"fnMap":{"0":{"name":"(anonymous_0)","decl":{"start":{"line":5,"column":10},"end":{"line":5,"column":11}},"loc":{"start":{"line":5,"column":30},"end":{"line":26,"column":3}},"line":5},"1":{"name":"(anonymous_1)","decl":{"start":{"line":10,"column":14},"end":{"line":10,"column":15}},"loc":{"start":{"line":10,"column":24},"end":{"line":10,"column":60}},"line":10},"2":{"name":"(anonymous_2)","decl":{"start":{"line":19,"column":14},"end":{"line":19,"column":15}},"loc":{"start":{"line":19,"column":23},"end":{"line":25,"column":5}},"line":19}},"branchMap":{"0":{"loc":{"start":{"line":20,"column":6},"end":{"line":24,"column":7}},"type":"if","locations":[{"start":{"line":20,"column":6},"end":{"line":24,"column":7}},{"start":{"line":22,"column":13},"end":{"line":24,"column":7}}],"line":20}},"s":{"0":4,"1":4,"2":4,"3":11,"4":11,"5":11,"6":2,"7":9,"8":9,"9":9,"10":6,"11":3,"12":4},"f":{"0":11,"1":11,"2":9},"b":{"0":[6,3]},"_coverageSchema":"1a1c01bbd47fc00a2c39e90264f33305004495a9","hash":"a6f3314f07ab6193589d5723b83560d389dd7363"}
,"/Users/robbiekirkbride/Desktop/Projects/Ecoliday/api/models/token_generator.js": {"path":"/Users/robbiekirkbride/Desktop/Projects/Ecoliday/api/models/token_generator.js","statementMap":{"0":{"start":{"line":1,"column":12},"end":{"line":1,"column":35}},"1":{"start":{"line":2,"column":0},"end":{"line":2,"column":43}},"2":{"start":{"line":3,"column":15},"end":{"line":3,"column":37}},"3":{"start":{"line":7,"column":4},"end":{"line":10,"column":6}},"4":{"start":{"line":14,"column":0},"end":{"line":14,"column":32}}},"fnMap":{"0":{"name":"(anonymous_0)","decl":{"start":{"line":6,"column":2},"end":{"line":6,"column":3}},"loc":{"start":{"line":6,"column":31},"end":{"line":11,"column":3}},"line":6}},"branchMap":{},"s":{"0":5,"1":5,"2":5,"3":3,"4":5},"f":{"0":3},"b":{},"_coverageSchema":"1a1c01bbd47fc00a2c39e90264f33305004495a9","hash":"01b079509f5bcd03b9749beea633c1aa71a3de5f"}
,"/Users/robbiekirkbride/Desktop/Projects/Ecoliday/api/models/trips.js": {"path":"/Users/robbiekirkbride/Desktop/Projects/Ecoliday/api/models/trips.js","statementMap":{"0":{"start":{"line":1,"column":17},"end":{"line":1,"column":36}},"1":{"start":{"line":3,"column":19},"end":{"line":12,"column":1}},"2":{"start":{"line":14,"column":13},"end":{"line":14,"column":47}},"3":{"start":{"line":16,"column":0},"end":{"line":16,"column":22}}},"fnMap":{},"branchMap":{},"s":{"0":5,"1":5,"2":5,"3":5},"f":{},"b":{},"_coverageSchema":"1a1c01bbd47fc00a2c39e90264f33305004495a9","hash":"dc2dcfd221f91d17fdddef8c5a5583230396e811"}
,"/Users/robbiekirkbride/Desktop/Projects/Ecoliday/api/models/user.js": {"path":"/Users/robbiekirkbride/Desktop/Projects/Ecoliday/api/models/user.js","statementMap":{"0":{"start":{"line":1,"column":17},"end":{"line":1,"column":36}},"1":{"start":{"line":3,"column":19},"end":{"line":12,"column":2}},"2":{"start":{"line":14,"column":13},"end":{"line":14,"column":47}},"3":{"start":{"line":16,"column":0},"end":{"line":16,"column":22}}},"fnMap":{},"branchMap":{},"s":{"0":5,"1":5,"2":5,"3":5},"f":{},"b":{},"_coverageSchema":"1a1c01bbd47fc00a2c39e90264f33305004495a9","hash":"307d555bf10f7139c2bc2ccec2bf33768e1b71c5"}
,"/Users/robbiekirkbride/Desktop/Projects/Ecoliday/api/routes/emissions.js": {"path":"/Users/robbiekirkbride/Desktop/Projects/Ecoliday/api/routes/emissions.js","statementMap":{"0":{"start":{"line":1,"column":16},"end":{"line":1,"column":34}},"1":{"start":{"line":2,"column":15},"end":{"line":2,"column":31}},"2":{"start":{"line":3,"column":27},"end":{"line":3,"column":61}},"3":{"start":{"line":5,"column":28},"end":{"line":5,"column":63}},"4":{"start":{"line":7,"column":0},"end":{"line":7,"column":80}},"5":{"start":{"line":9,"column":0},"end":{"line":9,"column":24}}},"fnMap":{},"branchMap":{},"s":{"0":4,"1":4,"2":4,"3":4,"4":4,"5":4},"f":{},"b":{},"_coverageSchema":"1a1c01bbd47fc00a2c39e90264f33305004495a9","hash":"96a80056abf73bcc75136d973b184936b9274161"}
,"/Users/robbiekirkbride/Desktop/Projects/Ecoliday/api/routes/tokens.js": {"path":"/Users/robbiekirkbride/Desktop/Projects/Ecoliday/api/routes/tokens.js","statementMap":{"0":{"start":{"line":1,"column":16},"end":{"line":1,"column":34}},"1":{"start":{"line":2,"column":15},"end":{"line":2,"column":31}},"2":{"start":{"line":4,"column":25},"end":{"line":4,"column":57}},"3":{"start":{"line":6,"column":0},"end":{"line":6,"column":42}},"4":{"start":{"line":8,"column":0},"end":{"line":8,"column":24}}},"fnMap":{},"branchMap":{},"s":{"0":4,"1":4,"2":4,"3":4,"4":4},"f":{},"b":{},"_coverageSchema":"1a1c01bbd47fc00a2c39e90264f33305004495a9","hash":"a607530d878d28d1dbb2973018562ec0fb30b9e0"}
,"/Users/robbiekirkbride/Desktop/Projects/Ecoliday/api/routes/trips.js": {"path":"/Users/robbiekirkbride/Desktop/Projects/Ecoliday/api/routes/trips.js","statementMap":{"0":{"start":{"line":1,"column":16},"end":{"line":1,"column":34}},"1":{"start":{"line":2,"column":15},"end":{"line":2,"column":31}},"2":{"start":{"line":4,"column":24},"end":{"line":4,"column":55}},"3":{"start":{"line":6,"column":0},"end":{"line":6,"column":41}},"4":{"start":{"line":7,"column":0},"end":{"line":7,"column":44}},"5":{"start":{"line":8,"column":0},"end":{"line":8,"column":47}},"6":{"start":{"line":9,"column":0},"end":{"line":9,"column":24}}},"fnMap":{},"branchMap":{},"s":{"0":4,"1":4,"2":4,"3":4,"4":4,"5":4,"6":4},"f":{},"b":{},"_coverageSchema":"1a1c01bbd47fc00a2c39e90264f33305004495a9","hash":"ae4235cbdf8c3ac0c44bda57a3660b7886edcb18"}
,"/Users/robbiekirkbride/Desktop/Projects/Ecoliday/api/routes/users.js": {"path":"/Users/robbiekirkbride/Desktop/Projects/Ecoliday/api/routes/users.js","statementMap":{"0":{"start":{"line":1,"column":16},"end":{"line":1,"column":34}},"1":{"start":{"line":2,"column":15},"end":{"line":2,"column":31}},"2":{"start":{"line":3,"column":24},"end":{"line":3,"column":55}},"3":{"start":{"line":5,"column":0},"end":{"line":5,"column":41}},"4":{"start":{"line":7,"column":0},"end":{"line":7,"column":24}}},"fnMap":{},"branchMap":{},"s":{"0":4,"1":4,"2":4,"3":4,"4":4},"f":{},"b":{},"_coverageSchema":"1a1c01bbd47fc00a2c39e90264f33305004495a9","hash":"433757453f9eafd5a9791ec9a68965588eb50cd4"}
,"/Users/robbiekirkbride/Desktop/Projects/Ecoliday/api/spec/mongodb_helper.js": {"path":"/Users/robbiekirkbride/Desktop/Projects/Ecoliday/api/spec/mongodb_helper.js","statementMap":{"0":{"start":{"line":1,"column":15},"end":{"line":1,"column":34}},"1":{"start":{"line":3,"column":0},"end":{"line":14,"column":3}},"2":{"start":{"line":4,"column":2},"end":{"line":7,"column":5}},"3":{"start":{"line":9,"column":11},"end":{"line":9,"column":30}},"4":{"start":{"line":10,"column":2},"end":{"line":10,"column":75}},"5":{"start":{"line":11,"column":2},"end":{"line":13,"column":5}},"6":{"start":{"line":12,"column":4},"end":{"line":12,"column":11}},"7":{"start":{"line":16,"column":0},"end":{"line":20,"column":3}},"8":{"start":{"line":17,"column":2},"end":{"line":19,"column":5}},"9":{"start":{"line":18,"column":4},"end":{"line":18,"column":11}}},"fnMap":{"0":{"name":"(anonymous_0)","decl":{"start":{"line":3,"column":10},"end":{"line":3,"column":11}},"loc":{"start":{"line":3,"column":26},"end":{"line":14,"column":1}},"line":3},"1":{"name":"(anonymous_1)","decl":{"start":{"line":11,"column":16},"end":{"line":11,"column":17}},"loc":{"start":{"line":11,"column":28},"end":{"line":13,"column":3}},"line":11},"2":{"name":"(anonymous_2)","decl":{"start":{"line":16,"column":9},"end":{"line":16,"column":10}},"loc":{"start":{"line":16,"column":25},"end":{"line":20,"column":1}},"line":16},"3":{"name":"(anonymous_3)","decl":{"start":{"line":17,"column":34},"end":{"line":17,"column":35}},"loc":{"start":{"line":17,"column":46},"end":{"line":19,"column":3}},"line":17}},"branchMap":{},"s":{"0":5,"1":5,"2":5,"3":5,"4":5,"5":5,"6":5,"7":5,"8":5,"9":5},"f":{"0":5,"1":5,"2":5,"3":5},"b":{},"_coverageSchema":"1a1c01bbd47fc00a2c39e90264f33305004495a9","hash":"a47c95d69de22697a9da7050b1552ff557f817d8"}
}
