TN:
SF:app.js
FN:16,(anonymous_0)
FN:24,(anonymous_1)
FNF:2
FNH:2
FNDA:8,(anonymous_0)
FNDA:8,(anonymous_1)
DA:1,4
DA:2,4
DA:3,4
DA:4,4
DA:5,4
DA:7,4
DA:8,4
DA:10,4
DA:11,4
DA:12,4
DA:13,4
DA:16,4
DA:18,8
DA:20,8
DA:21,8
DA:24,8
DA:25,8
DA:26,0
DA:27,0
DA:29,8
DA:30,8
DA:36,4
DA:37,4
DA:38,4
DA:39,4
DA:41,4
LF:26
LH:24
BRDA:20,0,0,8
BRDA:20,0,1,0
BRDA:25,1,0,0
BRDA:25,1,1,8
BRF:4
BRH:2
end_of_record
TN:
SF:controllers/distance.js
FN:6,(anonymous_0)
FN:27,(anonymous_1)
FN:29,(anonymous_2)
FN:34,(anonymous_3)
FN:35,(anonymous_4)
FN:40,(anonymous_5)
FN:48,(anonymous_6)
FN:49,(anonymous_7)
FN:56,(anonymous_8)
FN:59,(anonymous_9)
FN:68,(anonymous_10)
FN:69,(anonymous_11)
FN:76,(anonymous_12)
FN:79,(anonymous_13)
FN:106,(anonymous_14)
FN:108,(anonymous_15)
FN:117,getDistance
FN:132,deg2rad
FNF:18
FNH:15
FNDA:34,(anonymous_0)
FNDA:24,(anonymous_1)
FNDA:48,(anonymous_2)
FNDA:48,(anonymous_3)
FNDA:0,(anonymous_4)
FNDA:24,(anonymous_5)
FNDA:24,(anonymous_6)
FNDA:24,(anonymous_7)
FNDA:0,(anonymous_8)
FNDA:24,(anonymous_9)
FNDA:24,(anonymous_10)
FNDA:24,(anonymous_11)
FNDA:0,(anonymous_12)
FNDA:23,(anonymous_13)
FNDA:24,(anonymous_14)
FNDA:48,(anonymous_15)
FNDA:23,getDistance
FNDA:92,deg2rad
DA:1,5
DA:3,5
DA:5,5
DA:7,34
DA:8,10
DA:9,10
DA:12,24
DA:18,24
DA:19,24
DA:21,23
DA:23,23
DA:27,5
DA:28,24
DA:30,48
DA:34,48
DA:35,0
DA:40,5
DA:41,24
DA:42,24
DA:43,24
DA:44,24
DA:45,24
DA:47,24
DA:48,24
DA:50,24
DA:56,0
DA:59,5
DA:60,24
DA:61,24
DA:62,24
DA:63,24
DA:64,24
DA:65,24
DA:67,24
DA:68,24
DA:70,24
DA:76,0
DA:79,5
DA:80,23
DA:81,23
DA:83,23
DA:85,23
DA:90,23
DA:95,23
DA:98,23
DA:106,5
DA:107,24
DA:108,24
DA:109,48
DA:110,2
DA:111,2
DA:114,24
DA:118,23
DA:119,23
DA:120,23
DA:122,23
DA:127,23
DA:128,23
DA:129,23
DA:133,92
DA:136,5
LF:61
LH:58
BRDA:7,0,0,10
BRDA:7,0,1,24
BRDA:7,1,0,34
BRDA:7,1,1,27
BRDA:19,2,0,1
BRDA:19,2,1,23
BRDA:86,3,0,21
BRDA:86,3,1,2
BRDA:91,4,0,21
BRDA:91,4,1,2
BRDA:96,5,0,21
BRDA:96,5,1,2
BRDA:109,6,0,2
BRDA:109,6,1,46
BRF:14
BRH:14
end_of_record
TN:
SF:controllers/emissions.js
FN:2,(anonymous_0)
FN:33,(anonymous_1)
FN:35,(anonymous_2)
FN:46,(anonymous_3)
FN:63,(anonymous_4)
FN:74,(anonymous_5)
FN:85,(anonymous_6)
FN:99,(anonymous_7)
FN:113,(anonymous_8)
FN:136,(anonymous_9)
FN:139,(anonymous_10)
FN:142,(anonymous_11)
FNF:12
FNH:11
FNDA:11,(anonymous_0)
FNDA:11,(anonymous_1)
FNDA:44,(anonymous_2)
FNDA:11,(anonymous_3)
FNDA:11,(anonymous_4)
FNDA:11,(anonymous_5)
FNDA:11,(anonymous_6)
FNDA:11,(anonymous_7)
FNDA:41,(anonymous_8)
FNDA:41,(anonymous_9)
FNDA:41,(anonymous_10)
FNDA:0,(anonymous_11)
DA:1,4
DA:3,11
DA:4,0
DA:7,11
DA:8,11
DA:20,11
DA:33,4
DA:34,11
DA:35,11
DA:36,44
DA:43,11
DA:46,4
DA:47,11
DA:48,0
DA:49,0
DA:50,11
DA:51,0
DA:52,0
DA:53,11
DA:54,0
DA:55,0
DA:56,11
DA:57,0
DA:58,0
DA:60,11
DA:63,4
DA:64,11
DA:65,1
DA:67,10
DA:74,4
DA:75,11
DA:76,1
DA:78,10
DA:85,4
DA:86,11
DA:87,1
DA:89,10
DA:99,4
DA:100,11
DA:101,0
DA:103,11
DA:113,4
DA:114,41
DA:116,41
DA:137,41
DA:140,41
DA:143,0
DA:147,4
LF:48
LH:37
BRDA:3,0,0,0
BRDA:3,0,1,11
BRDA:40,1,0,3
BRDA:40,1,1,41
BRDA:47,2,0,0
BRDA:47,2,1,11
BRDA:50,3,0,0
BRDA:50,3,1,11
BRDA:53,4,0,0
BRDA:53,4,1,11
BRDA:56,5,0,0
BRDA:56,5,1,11
BRDA:64,6,0,1
BRDA:64,6,1,10
BRDA:75,7,0,1
BRDA:75,7,1,10
BRDA:86,8,0,1
BRDA:86,8,1,10
BRDA:100,9,0,0
BRDA:100,9,1,11
BRF:20
BRH:14
end_of_record
TN:
SF:controllers/tokens.js
FN:6,(anonymous_0)
FN:17,(anonymous_1)
FNF:2
FNH:1
FNDA:2,(anonymous_0)
FNDA:0,(anonymous_1)
DA:1,4
DA:2,4
DA:3,4
DA:5,4
DA:7,2
DA:8,2
DA:10,2
DA:11,2
DA:12,0
DA:13,0
DA:15,2
DA:17,0
DA:18,2
DA:19,1
DA:21,1
DA:22,1
DA:27,4
LF:17
LH:14
BRDA:11,0,0,0
BRDA:11,0,1,2
BRDA:18,1,0,1
BRDA:18,1,1,1
BRF:4
BRH:3
end_of_record
TN:
SF:controllers/trips.js
FN:4,(anonymous_0)
FN:9,(anonymous_1)
FN:17,(anonymous_2)
FN:18,(anonymous_3)
FN:27,(anonymous_4)
FNF:5
FNH:5
FNDA:6,(anonymous_0)
FNDA:6,(anonymous_1)
FNDA:1,(anonymous_2)
FNDA:1,(anonymous_3)
FNDA:1,(anonymous_4)
DA:1,4
DA:3,4
DA:5,6
DA:7,6
DA:9,6
DA:10,6
DA:11,0
DA:13,6
DA:18,1
DA:19,1
DA:20,0
DA:23,1
DA:28,1
DA:29,1
DA:30,1
DA:32,0
DA:37,4
LF:17
LH:14
BRDA:10,0,0,0
BRDA:10,0,1,6
BRDA:19,1,0,0
BRDA:19,1,1,1
BRF:4
BRH:2
end_of_record
TN:
SF:controllers/users.js
FN:5,(anonymous_0)
FN:10,(anonymous_1)
FN:19,(anonymous_2)
FNF:3
FNH:3
FNDA:11,(anonymous_0)
FNDA:11,(anonymous_1)
FNDA:9,(anonymous_2)
DA:1,4
DA:2,4
DA:4,4
DA:7,11
DA:8,11
DA:10,11
DA:12,2
DA:15,9
DA:19,9
DA:20,9
DA:21,6
DA:23,3
DA:29,4
LF:13
LH:13
BRDA:20,0,0,6
BRDA:20,0,1,3
BRF:2
BRH:2
end_of_record
TN:
SF:models/token_generator.js
FN:6,(anonymous_0)
FNF:1
FNH:1
FNDA:3,(anonymous_0)
DA:1,5
DA:2,5
DA:3,5
DA:7,3
DA:14,5
LF:5
LH:5
BRF:0
BRH:0
end_of_record
TN:
SF:models/trips.js
FNF:0
FNH:0
DA:1,5
DA:3,5
DA:14,5
DA:16,5
LF:4
LH:4
BRF:0
BRH:0
end_of_record
TN:
SF:models/user.js
FNF:0
FNH:0
DA:1,5
DA:3,5
DA:14,5
DA:16,5
LF:4
LH:4
BRF:0
BRH:0
end_of_record
TN:
SF:routes/emissions.js
FNF:0
FNH:0
DA:1,4
DA:2,4
DA:3,4
DA:5,4
DA:7,4
DA:9,4
LF:6
LH:6
BRF:0
BRH:0
end_of_record
TN:
SF:routes/tokens.js
FNF:0
FNH:0
DA:1,4
DA:2,4
DA:4,4
DA:6,4
DA:8,4
LF:5
LH:5
BRF:0
BRH:0
end_of_record
TN:
SF:routes/trips.js
FNF:0
FNH:0
DA:1,4
DA:2,4
DA:4,4
DA:6,4
DA:7,4
DA:8,4
DA:9,4
LF:7
LH:7
BRF:0
BRH:0
end_of_record
TN:
SF:routes/users.js
FNF:0
FNH:0
DA:1,4
DA:2,4
DA:3,4
DA:5,4
DA:7,4
LF:5
LH:5
BRF:0
BRH:0
end_of_record
TN:
SF:spec/mongodb_helper.js
FN:3,(anonymous_0)
FN:11,(anonymous_1)
FN:16,(anonymous_2)
FN:17,(anonymous_3)
FNF:4
FNH:4
FNDA:5,(anonymous_0)
FNDA:5,(anonymous_1)
FNDA:5,(anonymous_2)
FNDA:5,(anonymous_3)
DA:1,5
DA:3,5
DA:4,5
DA:9,5
DA:10,5
DA:11,5
DA:12,5
DA:16,5
DA:17,5
DA:18,5
LF:10
LH:10
BRF:0
BRH:0
end_of_record
